<?xml version="1.0" encoding="UTF-8"?>
<testsuite name="com.fdproject.mappers.DrugMapperTest" tests="1" skipped="0" failures="0" errors="0" timestamp="2022-06-13T01:29:42" hostname="gangjaewon-ui-MacBookAir.local" time="0.438">
  <properties/>
  <testcase name="getDrugList()" classname="com.fdproject.mappers.DrugMapperTest" time="0.438"/>
  <system-out><![CDATA[10:29:32.352 [Test worker] DEBUG org.springframework.test.context.BootstrapUtils - Instantiating CacheAwareContextLoaderDelegate from class [org.springframework.test.context.cache.DefaultCacheAwareContextLoaderDelegate]
10:29:32.364 [Test worker] DEBUG org.springframework.test.context.BootstrapUtils - Instantiating BootstrapContext using constructor [public org.springframework.test.context.support.DefaultBootstrapContext(java.lang.Class,org.springframework.test.context.CacheAwareContextLoaderDelegate)]
10:29:32.423 [Test worker] DEBUG org.springframework.test.context.BootstrapUtils - Instantiating TestContextBootstrapper for test class [com.fdproject.mappers.DrugMapperTest] from class [org.springframework.boot.test.context.SpringBootTestContextBootstrapper]
10:29:32.438 [Test worker] INFO org.springframework.boot.test.context.SpringBootTestContextBootstrapper - Neither @ContextConfiguration nor @ContextHierarchy found for test class [com.fdproject.mappers.DrugMapperTest], using SpringBootContextLoader
10:29:32.442 [Test worker] DEBUG org.springframework.test.context.support.AbstractContextLoader - Did not detect default resource location for test class [com.fdproject.mappers.DrugMapperTest]: class path resource [com/fdproject/mappers/DrugMapperTest-context.xml] does not exist
10:29:32.444 [Test worker] DEBUG org.springframework.test.context.support.AbstractContextLoader - Did not detect default resource location for test class [com.fdproject.mappers.DrugMapperTest]: class path resource [com/fdproject/mappers/DrugMapperTestContext.groovy] does not exist
10:29:32.445 [Test worker] INFO org.springframework.test.context.support.AbstractContextLoader - Could not detect default resource locations for test class [com.fdproject.mappers.DrugMapperTest]: no resource found for suffixes {-context.xml, Context.groovy}.
10:29:32.446 [Test worker] INFO org.springframework.test.context.support.AnnotationConfigContextLoaderUtils - Could not detect default configuration classes for test class [com.fdproject.mappers.DrugMapperTest]: DrugMapperTest does not declare any static, non-private, non-final, nested classes annotated with @Configuration.
10:29:32.511 [Test worker] DEBUG org.springframework.test.context.support.ActiveProfilesUtils - Could not find an 'annotation declaring class' for annotation type [org.springframework.test.context.ActiveProfiles] and class [com.fdproject.mappers.DrugMapperTest]
10:29:32.599 [Test worker] DEBUG org.springframework.context.annotation.ClassPathScanningCandidateComponentProvider - Identified candidate component class: file [/Users/gangjaewon/Documents/GitHub/Team/FDProject/build/classes/java/main/com/fdproject/FdProjectApplication.class]
10:29:32.603 [Test worker] INFO org.springframework.boot.test.context.SpringBootTestContextBootstrapper - Found @SpringBootConfiguration com.fdproject.FdProjectApplication for test class com.fdproject.mappers.DrugMapperTest
10:29:32.695 [Test worker] DEBUG org.springframework.boot.test.context.SpringBootTestContextBootstrapper - @TestExecutionListeners is not present for class [com.fdproject.mappers.DrugMapperTest]: using defaults.
10:29:32.696 [Test worker] INFO org.springframework.boot.test.context.SpringBootTestContextBootstrapper - Loaded default TestExecutionListener class names from location [META-INF/spring.factories]: [org.springframework.boot.test.autoconfigure.restdocs.RestDocsTestExecutionListener, org.springframework.boot.test.autoconfigure.web.client.MockRestServiceServerResetTestExecutionListener, org.springframework.boot.test.autoconfigure.web.servlet.MockMvcPrintOnlyOnFailureTestExecutionListener, org.springframework.boot.test.autoconfigure.web.servlet.WebDriverTestExecutionListener, org.springframework.boot.test.autoconfigure.webservices.client.MockWebServiceServerTestExecutionListener, org.springframework.boot.test.mock.mockito.MockitoTestExecutionListener, org.springframework.boot.test.mock.mockito.ResetMocksTestExecutionListener, org.springframework.test.context.web.ServletTestExecutionListener, org.springframework.test.context.support.DirtiesContextBeforeModesTestExecutionListener, org.springframework.test.context.event.ApplicationEventsTestExecutionListener, org.springframework.test.context.support.DependencyInjectionTestExecutionListener, org.springframework.test.context.support.DirtiesContextTestExecutionListener, org.springframework.test.context.transaction.TransactionalTestExecutionListener, org.springframework.test.context.jdbc.SqlScriptsTestExecutionListener, org.springframework.test.context.event.EventPublishingTestExecutionListener]
10:29:32.758 [Test worker] INFO org.springframework.boot.test.context.SpringBootTestContextBootstrapper - Using TestExecutionListeners: [org.springframework.test.context.web.ServletTestExecutionListener@2d8f2f3a, org.springframework.test.context.support.DirtiesContextBeforeModesTestExecutionListener@2024293c, org.springframework.test.context.event.ApplicationEventsTestExecutionListener@7048f722, org.springframework.boot.test.mock.mockito.MockitoTestExecutionListener@c074c0c, org.springframework.boot.test.autoconfigure.SpringBootDependencyInjectionTestExecutionListener@58a55449, org.springframework.test.context.support.DirtiesContextTestExecutionListener@5949eba8, org.springframework.test.context.transaction.TransactionalTestExecutionListener@6e0ff644, org.springframework.test.context.jdbc.SqlScriptsTestExecutionListener@58dea0a5, org.springframework.test.context.event.EventPublishingTestExecutionListener@2a2bb0eb, org.springframework.boot.test.autoconfigure.restdocs.RestDocsTestExecutionListener@3c291aad, org.springframework.boot.test.autoconfigure.web.client.MockRestServiceServerResetTestExecutionListener@2d0566ba, org.springframework.boot.test.autoconfigure.web.servlet.MockMvcPrintOnlyOnFailureTestExecutionListener@733037, org.springframework.boot.test.autoconfigure.web.servlet.WebDriverTestExecutionListener@7728643a, org.springframework.boot.test.autoconfigure.webservices.client.MockWebServiceServerTestExecutionListener@320e400, org.springframework.boot.test.mock.mockito.ResetMocksTestExecutionListener@5167268]
10:29:32.765 [Test worker] DEBUG org.springframework.test.context.support.AbstractDirtiesContextTestExecutionListener - Before test class: context [DefaultTestContext@475b7792 testClass = DrugMapperTest, testInstance = [null], testMethod = [null], testException = [null], mergedContextConfiguration = [WebMergedContextConfiguration@751e664e testClass = DrugMapperTest, locations = '{}', classes = '{class com.fdproject.FdProjectApplication}', contextInitializerClasses = '[]', activeProfiles = '{}', propertySourceLocations = '{}', propertySourceProperties = '{org.springframework.boot.test.context.SpringBootTestContextBootstrapper=true}', contextCustomizers = set[org.springframework.boot.test.autoconfigure.actuate.metrics.MetricsExportContextCustomizerFactory$DisableMetricExportContextCustomizer@56a4479a, org.springframework.boot.test.autoconfigure.properties.PropertyMappingContextCustomizer@0, org.springframework.boot.test.autoconfigure.web.servlet.WebDriverContextCustomizerFactory$Customizer@5b444398, org.springframework.boot.test.context.filter.ExcludeFilterContextCustomizer@79145d5a, org.springframework.boot.test.json.DuplicateJsonObjectContextCustomizerFactory$DuplicateJsonObjectContextCustomizer@505a9d7c, org.springframework.boot.test.mock.mockito.MockitoContextCustomizer@0, org.springframework.boot.test.web.client.TestRestTemplateContextCustomizer@ea9b7c6, org.springframework.boot.test.context.SpringBootTestArgs@1, org.springframework.boot.test.context.SpringBootTestWebEnvironment@383dc82c], resourceBasePath = 'src/main/webapp', contextLoader = 'org.springframework.boot.test.context.SpringBootContextLoader', parent = [null]], attributes = map['org.springframework.test.context.web.ServletTestExecutionListener.activateListener' -> true]], class annotated with @DirtiesContext [false] with mode [null].
10:29:33,205 |-INFO in ch.qos.logback.core.joran.action.AppenderAction - About to instantiate appender of type [ch.qos.logback.core.ConsoleAppender]
10:29:33,206 |-INFO in ch.qos.logback.core.joran.action.AppenderAction - Naming appender as [console]
10:29:33,212 |-INFO in ch.qos.logback.core.joran.action.NestedComplexPropertyIA - Assuming default type [ch.qos.logback.classic.encoder.PatternLayoutEncoder] for [encoder] property
10:29:33,229 |-INFO in ch.qos.logback.core.joran.action.AppenderAction - About to instantiate appender of type [ch.qos.logback.core.ConsoleAppender]
10:29:33,229 |-INFO in ch.qos.logback.core.joran.action.AppenderAction - Naming appender as [console-infolog]
10:29:33,229 |-INFO in ch.qos.logback.core.joran.action.NestedComplexPropertyIA - Assuming default type [ch.qos.logback.classic.encoder.PatternLayoutEncoder] for [encoder] property
10:29:33,230 |-INFO in ch.qos.logback.classic.joran.action.LoggerAction - Setting level of logger [com.fdproject] to DEBUG
10:29:33,230 |-INFO in ch.qos.logback.classic.jul.LevelChangePropagator@3fa76c61 - Propagating DEBUG level on Logger[com.fdproject] onto the JUL framework
10:29:33,230 |-INFO in ch.qos.logback.classic.joran.action.LoggerAction - Setting level of logger [jdbc.sqlonly] to INFO
10:29:33,231 |-INFO in ch.qos.logback.classic.jul.LevelChangePropagator@3fa76c61 - Propagating INFO level on Logger[jdbc.sqlonly] onto the JUL framework
10:29:33,231 |-INFO in ch.qos.logback.classic.joran.action.LoggerAction - Setting level of logger [jdbc.resultsettable] to INFO
10:29:33,231 |-INFO in ch.qos.logback.classic.jul.LevelChangePropagator@3fa76c61 - Propagating INFO level on Logger[jdbc.resultsettable] onto the JUL framework
10:29:33,231 |-INFO in ch.qos.logback.classic.joran.action.RootLoggerAction - Setting level of ROOT logger to OFF
10:29:33,231 |-INFO in ch.qos.logback.classic.jul.LevelChangePropagator@3fa76c61 - Propagating OFF level on Logger[ROOT] onto the JUL framework
10:29:33,232 |-INFO in ch.qos.logback.core.joran.action.AppenderRefAction - Attaching appender named [console] to Logger[ROOT]
10:29:33,232 |-INFO in ch.qos.logback.classic.joran.action.ConfigurationAction - End of configuration.
10:29:33,232 |-INFO in org.springframework.boot.logging.logback.SpringBootJoranConfigurator@8ed9cf - Registering current configuration as safe fallback point

  .   ____          _            __ _ _
 /\\ / ___'_ __ _ _(_)_ __  __ _ \ \ \ \
( ( )\___ | '_ | '_| | '_ \/ _` | \ \ \ \
 \\/  ___)| |_)| | | | | || (_| |  ) ) ) )
  '  |____| .__|_| |_|_| |_\__, | / / / /
 =========|_|==============|___/=/_/_/_/
 :: Spring Boot ::                (v2.7.0)

2022-06-13 10:29:33,384  INFO [com.fdproject.mappers.DrugMapperTest] Starting DrugMapperTest using Java 11.0.14 on gangjaewon-ui-MacBookAir.local with PID 3266 (started by gangjaewon in /Users/gangjaewon/Documents/GitHub/Team/FDProject)
2022-06-13 10:29:33,385 DEBUG [com.fdproject.mappers.DrugMapperTest] Running with Spring Boot v2.7.0, Spring v5.3.20
2022-06-13 10:29:33,387  INFO [com.fdproject.mappers.DrugMapperTest] No active profile set, falling back to 1 default profile: "default"
2022-06-13 10:29:42,155  INFO [com.fdproject.mappers.DrugMapperTest] Started DrugMapperTest in 9.323 seconds (JVM running for 11.092)
2022-06-13 10:29:42,418 DEBUG [com.fdproject.aop.LoggerAspect] Mapper ===> com.fdproject.mapper.DrugMapper.selectDrugTotalCount()
2022-06-13 10:29:42,458 DEBUG [com.fdproject.mapper.DrugMapper.selectDrugTotalCount] ==>  Preparing: SELECT COUNT(*) FROM drugs where 1=1
2022-06-13 10:29:42,501 DEBUG [com.fdproject.mapper.DrugMapper.selectDrugTotalCount] ==> Parameters: 
2022-06-13 10:29:42,501  INFO [jdbc.sqlonly] SELECT
        COUNT(*)
        FROM
        drugs
        where
        1=1

2022-06-13 10:29:42,537  INFO [jdbc.resultsettable] 
|---------|
|count(*) |
|---------|
|4381     |
|---------|

2022-06-13 10:29:42,537 DEBUG [com.fdproject.mapper.DrugMapper.selectDrugTotalCount] <==      Total: 1
2022-06-13 10:29:42,538 DEBUG [com.fdproject.aop.LoggerAspect] Mapper ===> com.fdproject.mapper.DrugMapper.riskDrugList()
2022-06-13 10:29:42,550 DEBUG [com.fdproject.mapper.DrugMapper.riskDrugList] ==>  Preparing: SELECT * FROM ( SELECT rownum rnum, m.* FROM ( select drug_no, drug_name, manufacturer, basis, effect, method, warning1, warning2, side_effect, storage, HOUSE_YN, img_file, keyword from drugs where 1=1 order by drug_name asc ) m WHERE rownum <= ? ) WHERE rnum > ?
2022-06-13 10:29:42,553 DEBUG [com.fdproject.mapper.DrugMapper.riskDrugList] ==> Parameters: 10(Integer), 0(Integer)
2022-06-13 10:29:42,553  INFO [jdbc.sqlonly] SELECT *
      FROM (
        SELECT rownum rnum, m.*
        FROM (

        select

        drug_no,
        drug_name,
        manufacturer,
        basis,
        effect,
        method,
        warning1,
        warning2,
        side_effect,
        storage,
        HOUSE_YN,
        img_file,
        keyword

        from
        drugs
        where
        1=1

        order by drug_name asc

        ) m
        WHERE rownum  <=  10
      )
      WHERE rnum  >  0

2022-06-13 10:29:42,610  INFO [jdbc.resultsettable] 
|---------|--------|----------------------------|-------------|---------------------------------------------------|-----------------------------------------------------------|-------------------------------------------------------------------------------------------------------------------------------------------|----------------------------------------------------------------------------------------------------------------------------------------------------------------------------------------------------------------------------------------------------------------------------------------------------------------------------------------------------------|--------------------------------------------------------------------------------------------------------------------------------------------------------------------------|--------------------------------------------------------------------------------------------------------------------------------------------------------------------------------------------------------------------------------------------------------------------------------------------------|-------------------------------------------------------|---------|--------------------------------|----------------------------------|
|rnum     |drug_no |drug_name                   |manufacturer |basis                                              |effect                                                     |method                                                                                                                                     |warning1                                                                                                                                                                                                                                                                                                                                                  |warning2                                                                                                                                                                  |side_effect                                                                                                                                                                                                                                                                                       |storage                                                |house_yn |img_file                        |keyword                           |
|---------|--------|----------------------------|-------------|---------------------------------------------------|-----------------------------------------------------------|-------------------------------------------------------------------------------------------------------------------------------------------|----------------------------------------------------------------------------------------------------------------------------------------------------------------------------------------------------------------------------------------------------------------------------------------------------------------------------------------------------------|--------------------------------------------------------------------------------------------------------------------------------------------------------------------------|--------------------------------------------------------------------------------------------------------------------------------------------------------------------------------------------------------------------------------------------------------------------------------------------------|-------------------------------------------------------|---------|--------------------------------|----------------------------------|
|[unread] |19      |1.셀레나제100μg퍼오랄액 2.셀레나제티퍼오랄액 |비오신코리아(주)    |아셀렌산나트륨오수화물                                        |이 약은 영양공급으로 보충될 수 없는 셀레늄 결핍 환자에서 셀레늄 보급에 사용합니다.            |2 mL(셀레늄으로서 1일 100 µg)을 복용하며, 1일 4 mL(셀레늄으로 200 µg)까지 증량할 수 있습니다.경구용 액제를 입안에서 30초~1분정도 머금고 있다가 천천히 삼킵니다.이 약은 경구용으로만 사용하고 주사용으로는 사용하지 마십시오. |이 약에 과민증 환자, 12개월 미만의 영아, 셀레늄 독성환자는 이 약을 복용하지 마십시오.이 약을 복용하기 전에 심장 및 순환기계기능 장애, 신장애, 저단백혈증, 임부 또는 임신하고 있을 가능성이 있는 여성 및 수유부는 의사 또는 약사와 상의하십시오.정해진 용법과 용량을 잘 지키십시오.                                                                                                                                                                                         |비타민 C와 같은 환원제는 함께 복용하지 마십시오. 비타민 C를 복용하려면 이 약과 약 4시간의 간격을 두고 따로 복용해야 합니다.                                                                                                 |피부염, 땀ㆍ호흡 시 악취, 탈모, 조급증, 구토, 알레르기 등이 나타나는 경우 복용을 즉각 중지하고 의사 또는 약사와 상의하십시오.                                                                                                                                                                                                                        |습기와 빛을 피해 상온(15~25℃)에서 보관하십시오.어린이의 손이 닿지 않는 곳에 보관하십시오. |N        |1.셀레나제100μg퍼오랄액 2.셀레나제티퍼오랄액.jpg |무기질제제,무기질                         |
|[unread] |23      |5엠씨크림(리도카인)                 |주식회사 더유제약    |리도카인                                               |이 약은 남성 성기 촉각의 예민성 감소에 사용합니다.                              |성교 5~15분전에 크림으로서 0.25~0.66 g(리도카인으로서 23~62 mg)을 도포합니다.용량과 적용 시간은 개인에 따라 다르며 최저유효량을 사용하되 24시간 이내에 최대 2 g(리도카인으로서 184 mg)을 초과하여 투여하지 않습니다.   |이 약 또는 기타의 아미드계 국소마취제에 과민증 환자, 적용 부위에 외상 또는 염증 환자, 상대방이 임신중인 경우는 이 약을 사용하지 마십시오.이 약을 사용하기 전에 간‧신질환, 프로필렌글리콜에 과민증 환자는 의사 또는 약사와 상의하십시오.외용으로만 사용하십시오.눈 또는 코에 사용하지 마십시오.동일한 부위에 연속해서 도포하지 않는 것이 바람직합니다.                                                                                                                                                      |null                                                                                                                                                                      |본인 또는 상대방에 발진 또는 자극이 나타나는 경우 사용을 즉각 중지하고 의사 또는 약사와 상의하십시오.                                                                                                                                                                                                                                        |실온에서 보관하십시오.어린이의 손이 닿지 않는 곳에 보관하십시오.                   |N        |5엠씨크림(리도카인).jpg                 |국소마취제                             |
|[unread] |24      |가네골드액                       |일동제약(주)      |L-아르기닌,시트르산수화물,베타인염산염,베타인                          |이 약은 간질환의 보조 치료에 사용합니다.                                    |성인은 1일 10~30 mL를 식간에 분할 복용합니다.이 약 10 mL를 약 반 컵의 물에 희석하여 복용합니다.                                                                             |신질환, 심근경색 및 경험자는 이 약을 복용하지 마십시오.이 약은 알콜 중독시 해독제로 사용할 수 없습니다.1개월 정도 복용하여도 개선이 없을 경우 복용을 즉각 중지하고 의사 또는 약사와 상의하십시오.정해진 용법과 용량을 잘 지키십시오.이 약은 내복용으로만 사용하고 주사용으로 사용하지 마십시오.                                                                                                                                                                                     |null                                                                                                                                                                      |이상반응이 나타나는 경우 복용을 즉각 중지하고 의사 또는 약사와 상의하십시오.                                                                                                                                                                                                                                                       |습기와 빛을 피해 실온에서 보관하십시오.어린이의 손이 닿지 않는 곳에 보관하십시오.         |N        |가네골드액.jpg                       |간장질환용제,간장ㆍ담낭ㆍ췌장질환치료               |
|[unread] |25      |가네진정                        |(주)셀트리온제약    |오로트산카르니틴,항독성간장엑스,아데닌염산염,피리독신염산염,리보플라빈,시아노코발라민100배산 |이 약은 만성 간염, 독성 간질환의 보조치료에 사용합니다.                           |성인은 1회 1정 1일 2 ～ 3회 복용합니다.                                                                                                                 |이 약에 과민증 환자는 이 약을 복용하지 마십시오.이 약을 복용하기 전에 폴산이 부족한 환자는 의사 또는 약사와 상의하십시오.정해진 용법과 용량을 잘 지키십시오.각종 요검사 시에 요를 황색으로 변하게 하여 임상검사치에 영향을 줄 수 있습니다.                                                                                                                                                                                                                   |레보도파와 함께 복용하지 마십시오.                                                                                                                                                       |가려움, 피부발진, 발적(충혈되어 붉어짐), 변비, 메스꺼움, 상복부 불쾌감이 나타나는 경우 복용을 즉각 중지하고 의사 또는 약사와 상의하십시오.                                                                                                                                                                                                                 |습기와 빛을 피해 실온에서 보관하십시오.어린이의 손이 닿지 않는 곳에 보관하십시오.         |N        |가네진정.jpg                        |간장질환용제,간장ㆍ담낭ㆍ췌장질환치료,조혈비타민제,수용성비타민 |
|[unread] |26      |가네카정                        |지엘파마(주)      |트리프롤리딘염산염수화물,슈도에페드린염산염                             |이 약은 코감기, 알레르기 및 혈관운동성 코염에 의한 재채기, 콧물, 코막힘, 눈물의 완화에 사용합니다. |성인은 1회 1정, 소아(12~14세)는 1회 1/2정을 1일 3회 매 식후에 복용합니다.급성전신발진고름물집증과 같은 중증 피부 이상반응이 나타나는 경우 복용을 중단하고 의사 또는 약사와 상의하십시오.                           |이 약에 과민증 환자, 중증(심한 증상)의 간 및 신기능 장애, 중증(심한 증상)의 관상심장질환, 배뇨장애, 고혈압, 관상동맥질환, 임부 또는 임신하고 있을 가능성이 있는 여성, 수유부, 2세 이하의 영아, MAO 억제제를 투여중인 환자, 파라옥시안식향산메틸에 과민증 환자는 이 약을 복용하지 마십시오.이 약을 복용하기 전에 천식, 녹내장, 부정맥, 당뇨병, 갑상샘기능항진증, 12세 미만의 소아는 의사 또는 약사와 상의하십시오.정해진 용법과 용량을 잘 지키십시오.장기간 계속하여 복용하지 마십시오.어린이에게 투여할 경우 보호자의 지도 감독하에 투여하십시오.복용 후 운전 및 기계조작 시 주의하십시오.          |혈압강하제, 알코올, 중추신경억제제(수면제, 진정제, 안정제), MAO 억제제, 교감신경흥분제, 삼환계 항우울약, 구아네티딘, 브레틸리움, 베타나이드, 데브리소퀸, 메칠도파, 교감신경성약(충혈제거제, 식욕억제제, 암페타민류의 신경자극제), α 및 β 아드레날린 저해제(억제제)와 함께 복용하지 마십시오. |급성전신발진농포증, 중증 피부이상반응(발열, 홍반, 다수의 작은 농포 등), 고열, 진정, 졸음, 중추 신경 쇠약, 중추 흥분, 불안, 발한(땀이 남), 경미한(가벼운) 혈압강하, 시력장애, 산동(동공확대), 헛소리, 환각, 흥분, 근육경련, 경직(굳음), 아테토시스, 간대상 및 강직성 경련, 고열, 호흡마비, 혼수, 순환기 마비, 피부반응, 일시적인 자극통, 작열감(화끈감), 구갈, 구역, 구토, 배뇨(소변을 눔)곤란, 흥분, 허혈성대장염 등이 나타나는 경우 복용을 즉각 중지하고 의사 또는 약사와 상의하십시오. |습기와 빛을 피해 실온에서 보관하십시오.어린이의 손이 닿지 않는 곳에 보관하십시오.         |N        |가네카정.jpg                        |항히스타민제,비강질환치료제                    |
|[unread] |27      |가네타인액                       |동성제약(주)      |L-아르기닌,베타인,베타인염산염,시트르산수화물                          |이 약은 간질환의 보조 치료에 사용합니다.                                    |성인은 1일 10~30 mL를 식간에 분할 복용합니다.이 약 10 mL를 약 반 컵의 물에 희석(묽게)하여 복용합니다.                                                                         |신질환, 심근경색 환자 및 경험자는 이 약을 복용하지 마십시오.이 약을 복용하기 전에 카라멜에 과민증 환자 또는 경험자는 의사 또는 약사와 상의하십시오.정해진 용법과 용량을 잘 지키십시오.이 약은 내복제용으로만 사용하고 주사용으로 사용하지 마십시오.알코올 중독시 해독제로 사용하지 마십시오.1개월 정도 복용하여도 개선이 없을 경우 복용을 중지하고 의사 또는 약사와 상의하십시오.                                                                                                                                       |null                                                                                                                                                                      |null                                                                                                                                                                                                                                                                                              |습기와 빛을 피해 실온에서 보관하십시오.어린이의 손이 닿지 않는 곳에 보관하십시오.         |N        |가네타인액.jpg                       |간장질환용제,간장ㆍ담낭ㆍ췌장질환치료               |
|[unread] |28      |가네탑골드연질캡슐                   |일양약품(주)      |밀크시슬열매건조엑스,티아민질산염,피리독신염산염,니코틴산아미드,판토텐산 칼슘,시아노코발라민  |이 약은 만성 간질환, 간경변, 독성 간질환의 보조치료에 사용합니다.                     |성인은 1회 1캡슐 1일 3회 복용합니다.                                                                                                                    |이 약에 과민증 환자, 대두유 또는 콩, 땅콩에 과민증 환자, 심한 담도폐쇄 환자, 12세 이하 소아는 이 약을 복용하지 마십시오.이 약을 복용하기 전에 고지단백혈증, 당뇨병성 고지질혈증 및 췌장염 등 지방대사이상, 지방과부하로 특별한 위험이 예상되는 환자, 임부 또는 임신하고 있을 가능성이 있는 여성, 수유부는 의사 또는 약사와 상의하십시오.정해진 용법과 용량을 잘 지키십시오.                                                                                                                                     |레보도파와 함께 복용하지 마십시오.정주용 지질제와 함께 복용 시 의사 또는 약사와 상의하십시오.                                                                                                                     |null                                                                                                                                                                                                                                                                                              |습기와 빛을 피해 실온에서 보관하십시오.어린이의 손이 닿지 않는 곳에 보관하십시오.         |N        |가네탑골드연질캡슐.jpg                   |간장질환용제,수용성비타민,조혈비타민제,간장ㆍ담낭ㆍ췌장질환치료 |
|[unread] |29      |가네톡액                        |제이더블유중외제약(주) |L-아르기닌,베타인,베타인염산염,시트르산수화물                          |이 약은 간질환의 보조 치료에 사용합니다.
                                   |성인은 1일 10~30 mL를 식간에 분할 복용합니다.

이 약 10 mL를 약 반 컵의 물에 희석하여 복용합니다.
                                                                          |신질환, 심근경색 및 경험자는 이 약을 복용하지 마십시오.

이 약은 알콜 중독시 해독제로 사용할 수 없습니다.

정해진 용법과 용량을 잘 지키십시오.

이 약은 내복용으로만 사용하고 주사용으로 사용하지 마십시오.

1개월 정도 복용하여도 개선이 없을 경우 복용을 즉각 중지하고 의사 또는 약사와 상의하십시오.
                                                                                                                                                                            |null                                                                                                                                                                      |이상반응이 나타나는 경우 복용을 즉각 중지하고 의사 또는 약사와 상의하십시오.
                                                                                                                                                                                                                                                      |습기와 빛을 피해 실온에서 보관하십시오.

어린이의 손이 닿지 않는 곳에 보관하십시오.
      |N        |가네톡액.jpg                        |간장질환용제,간장ㆍ담낭ㆍ췌장질환치료               |
|[unread] |30      |가네포스액                       |한국휴텍스제약(주)   |L-아르기닌,시트르산수화물,베타인염산염,베타인                          |이 약은 간질환의 보조 치료에 사용합니다.                                    |성인은 1일 10~30 mL를 식간에 분할 복용합니다.이 약 10 mL를 약 반 컵의 물에 희석하여 복용합니다.                                                                             |신질환, 심근경색 및 경험자는 이 약을 복용하지 마십시오.이 약은 알콜 중독시 해독제로 사용할 수 없습니다.1개월 정도 복용하여도 개선이 없을 경우 복용을 즉각 중지하고 의사 또는 약사와 상의하십시오.정해진 용법과 용량을 잘 지키십시오.이 약은 내복용으로만 사용하고 주사용으로 사용하지 마십시오.                                                                                                                                                                                     |null                                                                                                                                                                      |이상반응이 나타나는 경우 복용을 즉각 중지하고 의사 또는 약사와 상의하십시오.                                                                                                                                                                                                                                                       |습기와 빛을 피해 실온에서 보관하십시오.어린이의 손이 닿지 않는 곳에 보관하십시오.         |N        |가네포스액.jpg                       |간장질환용제,간장ㆍ담낭ㆍ췌장질환치료               |
|[unread] |31      |가두벌크림                       |삼익제약(주)      |디펜히드라민,l-멘톨,디부카인염산염,dl-캄파,에녹솔론                     |이 약은 벌레 물린데, 피부가려움, 습진, 두드러기, 피부염, 땀띠, 동창에 사용합니다.          |1일 수회 환부에 적당량을 바릅니다.                                                                                                                       |30개월 이하의 유아, 눈 주위, 점막, 습진, 옻 등에 의한 피부염, 상처부위에는 이 약을 사용하지 마십시오.이 약을 사용하기 전에 약 또는 화장품에 과민증, 알레르기 체질, 습윤이나 미란(짓무름)이 심한 환자, 소아, 프로필렌글리콜에 과민증 환자 또는 경험자는 의사 또는 약사와 상의하십시오.정해진 용법과 용량을 잘 지키십시오.어린이에게 투여할 경우 보호자의 지도 감독하에 투여하십시오.이 약은 외용으로만 사용하고 내복하지 마십시오.눈에 들어가지 않도록 주의하고, 만일 눈에 들어간 경우에는 즉시 물로 씻어내십시오.5~6일간 사용하여도 증상의 개선이 없을 경우 사용을 즉각 중지하고 의사 또는 약사와 상의하십시오. |null                                                                                                                                                                      |발진, 발적, 가려움, 부종 등이 나타나는 경우 사용을 즉각 중지하고 의사 또는 약사와 상의하십시오.                                                                                                                                                                                                                                          |습기와 빛을 피해 실온에서 보관하십시오.어린이의 손이 닿지 않는 곳에 보관하십시오.         |N        |가두벌크림.jpg                       |진통,진양,수렴,소염제,국소마취제,항히스타민제         |
|---------|--------|----------------------------|-------------|---------------------------------------------------|-----------------------------------------------------------|-------------------------------------------------------------------------------------------------------------------------------------------|----------------------------------------------------------------------------------------------------------------------------------------------------------------------------------------------------------------------------------------------------------------------------------------------------------------------------------------------------------|--------------------------------------------------------------------------------------------------------------------------------------------------------------------------|--------------------------------------------------------------------------------------------------------------------------------------------------------------------------------------------------------------------------------------------------------------------------------------------------|-------------------------------------------------------|---------|--------------------------------|----------------------------------|

2022-06-13 10:29:42,616 DEBUG [com.fdproject.mapper.DrugMapper.riskDrugList] <==      Total: 10
]]></system-out>
  <system-err><![CDATA[]]></system-err>
</testsuite>
