<?xml version="1.0" encoding="UTF-8"?>
<testsuite name="com.fdproject.FdProjectApplicationTests" tests="1" skipped="0" failures="0" errors="0" timestamp="2022-07-26T02:52:57" hostname="MacBookAir.local" time="0.134">
  <properties/>
  <testcase name="contextLoads()" classname="com.fdproject.FdProjectApplicationTests" time="0.134"/>
  <system-out><![CDATA[11:52:54.301 [Test worker] DEBUG org.springframework.test.context.BootstrapUtils - Instantiating CacheAwareContextLoaderDelegate from class [org.springframework.test.context.cache.DefaultCacheAwareContextLoaderDelegate]
11:52:54.306 [Test worker] DEBUG org.springframework.test.context.BootstrapUtils - Instantiating BootstrapContext using constructor [public org.springframework.test.context.support.DefaultBootstrapContext(java.lang.Class,org.springframework.test.context.CacheAwareContextLoaderDelegate)]
11:52:54.322 [Test worker] DEBUG org.springframework.test.context.BootstrapUtils - Instantiating TestContextBootstrapper for test class [com.fdproject.FdProjectApplicationTests] from class [org.springframework.boot.test.context.SpringBootTestContextBootstrapper]
11:52:54.326 [Test worker] INFO org.springframework.boot.test.context.SpringBootTestContextBootstrapper - Neither @ContextConfiguration nor @ContextHierarchy found for test class [com.fdproject.FdProjectApplicationTests], using SpringBootContextLoader
11:52:54.328 [Test worker] DEBUG org.springframework.test.context.support.AbstractContextLoader - Did not detect default resource location for test class [com.fdproject.FdProjectApplicationTests]: class path resource [com/fdproject/FdProjectApplicationTests-context.xml] does not exist
11:52:54.328 [Test worker] DEBUG org.springframework.test.context.support.AbstractContextLoader - Did not detect default resource location for test class [com.fdproject.FdProjectApplicationTests]: class path resource [com/fdproject/FdProjectApplicationTestsContext.groovy] does not exist
11:52:54.328 [Test worker] INFO org.springframework.test.context.support.AbstractContextLoader - Could not detect default resource locations for test class [com.fdproject.FdProjectApplicationTests]: no resource found for suffixes {-context.xml, Context.groovy}.
11:52:54.328 [Test worker] INFO org.springframework.test.context.support.AnnotationConfigContextLoaderUtils - Could not detect default configuration classes for test class [com.fdproject.FdProjectApplicationTests]: FdProjectApplicationTests does not declare any static, non-private, non-final, nested classes annotated with @Configuration.
11:52:54.348 [Test worker] DEBUG org.springframework.test.context.support.ActiveProfilesUtils - Could not find an 'annotation declaring class' for annotation type [org.springframework.test.context.ActiveProfiles] and class [com.fdproject.FdProjectApplicationTests]
11:52:54.375 [Test worker] DEBUG org.springframework.context.annotation.ClassPathScanningCandidateComponentProvider - Identified candidate component class: file [/Users/isujeong/javaStudy/springboot/Team/FDProject/build/classes/java/main/com/fdproject/FdProjectApplication.class]
11:52:54.375 [Test worker] INFO org.springframework.boot.test.context.SpringBootTestContextBootstrapper - Found @SpringBootConfiguration com.fdproject.FdProjectApplication for test class com.fdproject.FdProjectApplicationTests
11:52:54.415 [Test worker] DEBUG org.springframework.boot.test.context.SpringBootTestContextBootstrapper - @TestExecutionListeners is not present for class [com.fdproject.FdProjectApplicationTests]: using defaults.
11:52:54.415 [Test worker] INFO org.springframework.boot.test.context.SpringBootTestContextBootstrapper - Loaded default TestExecutionListener class names from location [META-INF/spring.factories]: [org.springframework.security.test.context.support.WithSecurityContextTestExecutionListener, org.springframework.security.test.context.support.ReactorContextTestExecutionListener, org.springframework.boot.test.autoconfigure.restdocs.RestDocsTestExecutionListener, org.springframework.boot.test.autoconfigure.web.client.MockRestServiceServerResetTestExecutionListener, org.springframework.boot.test.autoconfigure.web.servlet.MockMvcPrintOnlyOnFailureTestExecutionListener, org.springframework.boot.test.autoconfigure.web.servlet.WebDriverTestExecutionListener, org.springframework.boot.test.autoconfigure.webservices.client.MockWebServiceServerTestExecutionListener, org.springframework.boot.test.mock.mockito.MockitoTestExecutionListener, org.springframework.boot.test.mock.mockito.ResetMocksTestExecutionListener, org.springframework.test.context.web.ServletTestExecutionListener, org.springframework.test.context.support.DirtiesContextBeforeModesTestExecutionListener, org.springframework.test.context.event.ApplicationEventsTestExecutionListener, org.springframework.test.context.support.DependencyInjectionTestExecutionListener, org.springframework.test.context.support.DirtiesContextTestExecutionListener, org.springframework.test.context.transaction.TransactionalTestExecutionListener, org.springframework.test.context.jdbc.SqlScriptsTestExecutionListener, org.springframework.test.context.event.EventPublishingTestExecutionListener]
11:52:54.421 [Test worker] INFO org.springframework.boot.test.context.SpringBootTestContextBootstrapper - Using TestExecutionListeners: [org.springframework.test.context.web.ServletTestExecutionListener@36b6964d, org.springframework.test.context.support.DirtiesContextBeforeModesTestExecutionListener@31198ceb, org.springframework.test.context.event.ApplicationEventsTestExecutionListener@9257031, org.springframework.boot.test.mock.mockito.MockitoTestExecutionListener@75201592, org.springframework.boot.test.autoconfigure.SpringBootDependencyInjectionTestExecutionListener@7726e185, org.springframework.test.context.support.DirtiesContextTestExecutionListener@aa5455e, org.springframework.test.context.transaction.TransactionalTestExecutionListener@282308c3, org.springframework.test.context.jdbc.SqlScriptsTestExecutionListener@5dda14d0, org.springframework.security.test.context.support.WithSecurityContextTestExecutionListener@1db0ec27, org.springframework.test.context.event.EventPublishingTestExecutionListener@3d9fc57a, org.springframework.security.test.context.support.ReactorContextTestExecutionListener@d4ab71a, org.springframework.boot.test.autoconfigure.restdocs.RestDocsTestExecutionListener@3b4ef7, org.springframework.boot.test.autoconfigure.web.client.MockRestServiceServerResetTestExecutionListener@1af05b03, org.springframework.boot.test.autoconfigure.web.servlet.MockMvcPrintOnlyOnFailureTestExecutionListener@5987e932, org.springframework.boot.test.autoconfigure.web.servlet.WebDriverTestExecutionListener@1ad777f, org.springframework.boot.test.autoconfigure.webservices.client.MockWebServiceServerTestExecutionListener@5bbbdd4b, org.springframework.boot.test.mock.mockito.ResetMocksTestExecutionListener@438bad7c]
11:52:54.423 [Test worker] DEBUG org.springframework.test.context.support.AbstractDirtiesContextTestExecutionListener - Before test class: context [DefaultTestContext@76b0ae1b testClass = FdProjectApplicationTests, testInstance = [null], testMethod = [null], testException = [null], mergedContextConfiguration = [WebMergedContextConfiguration@130a0f66 testClass = FdProjectApplicationTests, locations = '{}', classes = '{class com.fdproject.FdProjectApplication}', contextInitializerClasses = '[]', activeProfiles = '{}', propertySourceLocations = '{}', propertySourceProperties = '{org.springframework.boot.test.context.SpringBootTestContextBootstrapper=true}', contextCustomizers = set[org.springframework.boot.test.autoconfigure.actuate.metrics.MetricsExportContextCustomizerFactory$DisableMetricExportContextCustomizer@24d4d7c9, org.springframework.boot.test.autoconfigure.properties.PropertyMappingContextCustomizer@0, org.springframework.boot.test.autoconfigure.web.servlet.WebDriverContextCustomizerFactory$Customizer@44828f6b, org.springframework.boot.test.context.filter.ExcludeFilterContextCustomizer@62fe6067, org.springframework.boot.test.json.DuplicateJsonObjectContextCustomizerFactory$DuplicateJsonObjectContextCustomizer@305f7627, org.springframework.boot.test.mock.mockito.MockitoContextCustomizer@0, org.springframework.boot.test.web.client.TestRestTemplateContextCustomizer@1433046b, org.springframework.boot.test.context.SpringBootTestArgs@1, org.springframework.boot.test.context.SpringBootTestWebEnvironment@a307a8c], resourceBasePath = 'src/main/webapp', contextLoader = 'org.springframework.boot.test.context.SpringBootContextLoader', parent = [null]], attributes = map['org.springframework.test.context.web.ServletTestExecutionListener.activateListener' -> true]], class annotated with @DirtiesContext [false] with mode [null].
11:52:54,294 |-INFO in ch.qos.logback.classic.LoggerContext[default] - Could NOT find resource [logback-test.xml]
11:52:54,294 |-INFO in ch.qos.logback.classic.LoggerContext[default] - Could NOT find resource [logback.xml]
11:52:54,295 |-INFO in ch.qos.logback.classic.BasicConfigurator@1f51431 - Setting up default configuration.
11:52:54,558 |-INFO in ch.qos.logback.core.joran.action.AppenderAction - About to instantiate appender of type [ch.qos.logback.core.ConsoleAppender]
11:52:54,558 |-INFO in ch.qos.logback.core.joran.action.AppenderAction - Naming appender as [console]
11:52:54,560 |-INFO in ch.qos.logback.core.joran.action.NestedComplexPropertyIA - Assuming default type [ch.qos.logback.classic.encoder.PatternLayoutEncoder] for [encoder] property
11:52:54,566 |-INFO in ch.qos.logback.core.joran.action.AppenderAction - About to instantiate appender of type [ch.qos.logback.core.ConsoleAppender]
11:52:54,566 |-INFO in ch.qos.logback.core.joran.action.AppenderAction - Naming appender as [console-infolog]
11:52:54,566 |-INFO in ch.qos.logback.core.joran.action.NestedComplexPropertyIA - Assuming default type [ch.qos.logback.classic.encoder.PatternLayoutEncoder] for [encoder] property
11:52:54,566 |-INFO in ch.qos.logback.classic.joran.action.LoggerAction - Setting level of logger [jdbc.sqlonly] to INFO
11:52:54,566 |-INFO in ch.qos.logback.classic.jul.LevelChangePropagator@72ee5d84 - Propagating INFO level on Logger[jdbc.sqlonly] onto the JUL framework
11:52:54,567 |-INFO in ch.qos.logback.classic.joran.action.RootLoggerAction - Setting level of ROOT logger to OFF
11:52:54,567 |-INFO in ch.qos.logback.classic.jul.LevelChangePropagator@72ee5d84 - Propagating OFF level on Logger[ROOT] onto the JUL framework
11:52:54,567 |-INFO in ch.qos.logback.core.joran.action.AppenderRefAction - Attaching appender named [console] to Logger[ROOT]
11:52:54,567 |-INFO in ch.qos.logback.classic.joran.action.ConfigurationAction - End of configuration.
11:52:54,567 |-INFO in org.springframework.boot.logging.logback.SpringBootJoranConfigurator@7f92b990 - Registering current configuration as safe fallback point

  .   ____          _            __ _ _
 /\\ / ___'_ __ _ _(_)_ __  __ _ \ \ \ \
( ( )\___ | '_ | '_| | '_ \/ _` | \ \ \ \
 \\/  ___)| |_)| | | | | || (_| |  ) ) ) )
  '  |____| .__|_| |_|_| |_\__, | / / / /
 =========|_|==============|___/=/_/_/_/
 :: Spring Boot ::                (v2.7.0)

]]></system-out>
  <system-err><![CDATA[]]></system-err>
</testsuite>
